<?xml version="1.0" encoding="UTF-8"?>
<!-- Generated by org.testng.reporters.JUnitXMLReporter -->
<testsuite ignored="4" hostname="LAPTOP-0QJFP7EQ" failures="0" tests="2" name="Test" time="4.062" errors="0" timestamp="2022-05-05T15:22:35 IST">
  <testcase classname="com.vtiger.comcast.genericUtility.BaseClass" name="@BeforeClass configBC" time="2.998">
    <failure type="org.openqa.selenium.SessionNotCreatedException" message="session not created: This version of ChromeDriver only supports Chrome version 99
Current browser version is 101.0.4951.54 with binary path C:\Program Files\Google\Chrome\Application\chrome.exe
Build info: version: &amp;apos;3.141.59&amp;apos;, revision: &amp;apos;e82be7d358&amp;apos;, time: &amp;apos;2018-11-14T08:17:03&amp;apos;
System info: host: &amp;apos;LAPTOP-0QJFP7EQ&amp;apos;, ip: &amp;apos;172.20.10.3&amp;apos;, os.name: &amp;apos;Windows 10&amp;apos;, os.arch: &amp;apos;amd64&amp;apos;, os.version: &amp;apos;10.0&amp;apos;, java.version: &amp;apos;17.0.2&amp;apos;
Driver info: driver.version: ChromeDriver
remote stacktrace: Backtrace:
	Ordinal0 [0x00A19943+2595139]
	Ordinal0 [0x009AC9F1+2148849]
	Ordinal0 [0x008A4528+1066280]
	Ordinal0 [0x008C42C3+1196739]
	Ordinal0 [0x008BFE37+1179191]
	Ordinal0 [0x008BD6F1+1169137]
	Ordinal0 [0x008F0530+1377584]
	Ordinal0 [0x008F018A+1376650]
	Ordinal0 [0x008EB806+1357830]
	Ordinal0 [0x008C6086+1204358]
	Ordinal0 [0x008C6F96+1208214]
	GetHandleVerifier [0x00BBB232+1658114]
	GetHandleVerifier [0x00C7312C+2411516]
	GetHandleVerifier [0x00AAF261+560433]
	GetHandleVerifier [0x00AAE366+556598]
	Ordinal0 [0x009B286B+2173035]
	Ordinal0 [0x009B75F8+2192888]
	Ordinal0 [0x009B76E5+2193125]
	Ordinal0 [0x009C11FC+2232828]
	BaseThreadInitThunk [0x775EFA29+25]
	RtlGetAppContainerNamedObjectPath [0x77757A7E+286]
	RtlGetAppContainerNamedObjectPath [0x77757A4E+238]
">
      <![CDATA[org.openqa.selenium.SessionNotCreatedException: session not created: This version of ChromeDriver only supports Chrome version 99
Current browser version is 101.0.4951.54 with binary path C:\Program Files\Google\Chrome\Application\chrome.exe
Build info: version: '3.141.59', revision: 'e82be7d358', time: '2018-11-14T08:17:03'
System info: host: 'LAPTOP-0QJFP7EQ', ip: '172.20.10.3', os.name: 'Windows 10', os.arch: 'amd64', os.version: '10.0', java.version: '17.0.2'
Driver info: driver.version: ChromeDriver
remote stacktrace: Backtrace:
Ordinal0 [0x00A19943+2595139]
Ordinal0 [0x009AC9F1+2148849]
Ordinal0 [0x008A4528+1066280]
Ordinal0 [0x008C42C3+1196739]
Ordinal0 [0x008BFE37+1179191]
Ordinal0 [0x008BD6F1+1169137]
Ordinal0 [0x008F0530+1377584]
Ordinal0 [0x008F018A+1376650]
Ordinal0 [0x008EB806+1357830]
Ordinal0 [0x008C6086+1204358]
Ordinal0 [0x008C6F96+1208214]
GetHandleVerifier [0x00BBB232+1658114]
GetHandleVerifier [0x00C7312C+2411516]
GetHandleVerifier [0x00AAF261+560433]
GetHandleVerifier [0x00AAE366+556598]
Ordinal0 [0x009B286B+2173035]
Ordinal0 [0x009B75F8+2192888]
Ordinal0 [0x009B76E5+2193125]
Ordinal0 [0x009C11FC+2232828]
BaseThreadInitThunk [0x775EFA29+25]
RtlGetAppContainerNamedObjectPath [0x77757A7E+286]
RtlGetAppContainerNamedObjectPath [0x77757A4E+238]

at org.openqa.selenium.remote.W3CHandshakeResponse.lambda$errorHandler$0(W3CHandshakeResponse.java:62)
at org.openqa.selenium.remote.HandshakeResponse.lambda$getResponseFunction$0(HandshakeResponse.java:30)
at org.openqa.selenium.remote.ProtocolHandshake.lambda$createSession$0(ProtocolHandshake.java:126)
at java.base/java.util.stream.ReferencePipeline$3$1.accept(ReferencePipeline.java:197)
at java.base/java.util.Spliterators$ArraySpliterator.tryAdvance(Spliterators.java:1002)
at java.base/java.util.stream.ReferencePipeline.forEachWithCancel(ReferencePipeline.java:129)
at java.base/java.util.stream.AbstractPipeline.copyIntoWithCancel(AbstractPipeline.java:527)
at java.base/java.util.stream.AbstractPipeline.copyInto(AbstractPipeline.java:513)
at java.base/java.util.stream.AbstractPipeline.wrapAndCopyInto(AbstractPipeline.java:499)
at java.base/java.util.stream.FindOps$FindOp.evaluateSequential(FindOps.java:150)
at java.base/java.util.stream.AbstractPipeline.evaluate(AbstractPipeline.java:234)
at java.base/java.util.stream.ReferencePipeline.findFirst(ReferencePipeline.java:647)
at org.openqa.selenium.remote.ProtocolHandshake.createSession(ProtocolHandshake.java:128)
at org.openqa.selenium.remote.ProtocolHandshake.createSession(ProtocolHandshake.java:74)
at org.openqa.selenium.remote.HttpCommandExecutor.execute(HttpCommandExecutor.java:136)
at org.openqa.selenium.remote.service.DriverCommandExecutor.execute(DriverCommandExecutor.java:83)
at org.openqa.selenium.remote.RemoteWebDriver.execute(RemoteWebDriver.java:552)
at org.openqa.selenium.remote.RemoteWebDriver.startSession(RemoteWebDriver.java:213)
at org.openqa.selenium.remote.RemoteWebDriver.<init>(RemoteWebDriver.java:131)
at org.openqa.selenium.chrome.ChromeDriver.<init>(ChromeDriver.java:181)
at org.openqa.selenium.chrome.ChromeDriver.<init>(ChromeDriver.java:168)
at org.openqa.selenium.chrome.ChromeDriver.<init>(ChromeDriver.java:123)
at com.vtiger.comcast.genericUtility.BaseClass.configBC(BaseClass.java:54)
at java.base/java.util.ArrayList.forEach(ArrayList.java:1511)
... Removed 30 stack frames]]>
    </failure>
  </testcase> <!-- @BeforeClass configBC -->
  <testcase classname="com.vtiger.comcast.genericUtility.BaseClass" name="@BeforeMethod configBM" time="-1.65174435432E9">
    <skipped/>
  </testcase> <!-- @BeforeMethod configBM -->
  <testcase classname="com.vtiger.comcast.genericUtility.BaseClass" name="@AfterMethod configAM" time="-1.651744354332E9">
    <skipped/>
  </testcase> <!-- @AfterMethod configAM -->
  <testcase classname="com.vtiger.comcast.genericUtility.BaseClass" name="@AfterClass configAC" time="-1.651744354336E9">
    <skipped/>
  </testcase> <!-- @AfterClass configAC -->
  <testcase classname="com.vtiger.comcast.genericUtility.BaseClass" name="@BeforeClass configBC" time="0.978">
    <failure type="org.openqa.selenium.SessionNotCreatedException" message="session not created: This version of ChromeDriver only supports Chrome version 99
Current browser version is 101.0.4951.54 with binary path C:\Program Files\Google\Chrome\Application\chrome.exe
Build info: version: &amp;apos;3.141.59&amp;apos;, revision: &amp;apos;e82be7d358&amp;apos;, time: &amp;apos;2018-11-14T08:17:03&amp;apos;
System info: host: &amp;apos;LAPTOP-0QJFP7EQ&amp;apos;, ip: &amp;apos;172.20.10.3&amp;apos;, os.name: &amp;apos;Windows 10&amp;apos;, os.arch: &amp;apos;amd64&amp;apos;, os.version: &amp;apos;10.0&amp;apos;, java.version: &amp;apos;17.0.2&amp;apos;
Driver info: driver.version: ChromeDriver
remote stacktrace: Backtrace:
	Ordinal0 [0x00A19943+2595139]
	Ordinal0 [0x009AC9F1+2148849]
	Ordinal0 [0x008A4528+1066280]
	Ordinal0 [0x008C42C3+1196739]
	Ordinal0 [0x008BFE37+1179191]
	Ordinal0 [0x008BD6F1+1169137]
	Ordinal0 [0x008F0530+1377584]
	Ordinal0 [0x008F018A+1376650]
	Ordinal0 [0x008EB806+1357830]
	Ordinal0 [0x008C6086+1204358]
	Ordinal0 [0x008C6F96+1208214]
	GetHandleVerifier [0x00BBB232+1658114]
	GetHandleVerifier [0x00C7312C+2411516]
	GetHandleVerifier [0x00AAF261+560433]
	GetHandleVerifier [0x00AAE366+556598]
	Ordinal0 [0x009B286B+2173035]
	Ordinal0 [0x009B75F8+2192888]
	Ordinal0 [0x009B76E5+2193125]
	Ordinal0 [0x009C11FC+2232828]
	BaseThreadInitThunk [0x775EFA29+25]
	RtlGetAppContainerNamedObjectPath [0x77757A7E+286]
	RtlGetAppContainerNamedObjectPath [0x77757A4E+238]
">
      <![CDATA[org.openqa.selenium.SessionNotCreatedException: session not created: This version of ChromeDriver only supports Chrome version 99
Current browser version is 101.0.4951.54 with binary path C:\Program Files\Google\Chrome\Application\chrome.exe
Build info: version: '3.141.59', revision: 'e82be7d358', time: '2018-11-14T08:17:03'
System info: host: 'LAPTOP-0QJFP7EQ', ip: '172.20.10.3', os.name: 'Windows 10', os.arch: 'amd64', os.version: '10.0', java.version: '17.0.2'
Driver info: driver.version: ChromeDriver
remote stacktrace: Backtrace:
Ordinal0 [0x00A19943+2595139]
Ordinal0 [0x009AC9F1+2148849]
Ordinal0 [0x008A4528+1066280]
Ordinal0 [0x008C42C3+1196739]
Ordinal0 [0x008BFE37+1179191]
Ordinal0 [0x008BD6F1+1169137]
Ordinal0 [0x008F0530+1377584]
Ordinal0 [0x008F018A+1376650]
Ordinal0 [0x008EB806+1357830]
Ordinal0 [0x008C6086+1204358]
Ordinal0 [0x008C6F96+1208214]
GetHandleVerifier [0x00BBB232+1658114]
GetHandleVerifier [0x00C7312C+2411516]
GetHandleVerifier [0x00AAF261+560433]
GetHandleVerifier [0x00AAE366+556598]
Ordinal0 [0x009B286B+2173035]
Ordinal0 [0x009B75F8+2192888]
Ordinal0 [0x009B76E5+2193125]
Ordinal0 [0x009C11FC+2232828]
BaseThreadInitThunk [0x775EFA29+25]
RtlGetAppContainerNamedObjectPath [0x77757A7E+286]
RtlGetAppContainerNamedObjectPath [0x77757A4E+238]

at org.openqa.selenium.remote.W3CHandshakeResponse.lambda$errorHandler$0(W3CHandshakeResponse.java:62)
at org.openqa.selenium.remote.HandshakeResponse.lambda$getResponseFunction$0(HandshakeResponse.java:30)
at org.openqa.selenium.remote.ProtocolHandshake.lambda$createSession$0(ProtocolHandshake.java:126)
at java.base/java.util.stream.ReferencePipeline$3$1.accept(ReferencePipeline.java:197)
at java.base/java.util.Spliterators$ArraySpliterator.tryAdvance(Spliterators.java:1002)
at java.base/java.util.stream.ReferencePipeline.forEachWithCancel(ReferencePipeline.java:129)
at java.base/java.util.stream.AbstractPipeline.copyIntoWithCancel(AbstractPipeline.java:527)
at java.base/java.util.stream.AbstractPipeline.copyInto(AbstractPipeline.java:513)
at java.base/java.util.stream.AbstractPipeline.wrapAndCopyInto(AbstractPipeline.java:499)
at java.base/java.util.stream.FindOps$FindOp.evaluateSequential(FindOps.java:150)
at java.base/java.util.stream.AbstractPipeline.evaluate(AbstractPipeline.java:234)
at java.base/java.util.stream.ReferencePipeline.findFirst(ReferencePipeline.java:647)
at org.openqa.selenium.remote.ProtocolHandshake.createSession(ProtocolHandshake.java:128)
at org.openqa.selenium.remote.ProtocolHandshake.createSession(ProtocolHandshake.java:74)
at org.openqa.selenium.remote.HttpCommandExecutor.execute(HttpCommandExecutor.java:136)
at org.openqa.selenium.remote.service.DriverCommandExecutor.execute(DriverCommandExecutor.java:83)
at org.openqa.selenium.remote.RemoteWebDriver.execute(RemoteWebDriver.java:552)
at org.openqa.selenium.remote.RemoteWebDriver.startSession(RemoteWebDriver.java:213)
at org.openqa.selenium.remote.RemoteWebDriver.<init>(RemoteWebDriver.java:131)
at org.openqa.selenium.chrome.ChromeDriver.<init>(ChromeDriver.java:181)
at org.openqa.selenium.chrome.ChromeDriver.<init>(ChromeDriver.java:168)
at org.openqa.selenium.chrome.ChromeDriver.<init>(ChromeDriver.java:123)
at com.vtiger.comcast.genericUtility.BaseClass.configBC(BaseClass.java:54)
at java.base/java.util.ArrayList.forEach(ArrayList.java:1511)
... Removed 30 stack frames]]>
    </failure>
  </testcase> <!-- @BeforeClass configBC -->
  <testcase classname="com.vtiger.comcast.genericUtility.BaseClass" name="@BeforeMethod configBM" time="-1.651744355321E9">
    <skipped/>
  </testcase> <!-- @BeforeMethod configBM -->
  <testcase classname="com.vtiger.comcast.genericUtility.BaseClass" name="@AfterMethod configAM" time="-1.651744355327E9">
    <skipped/>
  </testcase> <!-- @AfterMethod configAM -->
  <testcase classname="com.vtiger.comcast.genericUtility.BaseClass" name="@AfterClass configAC" time="-1.65174435533E9">
    <skipped/>
  </testcase> <!-- @AfterClass configAC -->
  <testcase classname="com.vtiger.comcast.organizationtest.CreateOrgnTest" name="createOrgnTest" time="0.0">
    <skipped/>
  </testcase> <!-- createOrgnTest -->
  <testcase classname="com.vtiger.comcast.contactTest.CreateContactTest" name="createcontactTest" time="0.0">
    <skipped/>
  </testcase> <!-- createcontactTest -->
  <testcase classname="com.vtiger.comcast.organizationtest.CreateOrgnTest" name="createOrgnWithIndustriesTest" time="0.0">
    <ignored/>
  </testcase> <!-- createOrgnWithIndustriesTest -->
  <testcase classname="com.vtiger.comcast.genericUtility.BaseClass" name="@AfterSuite configAS" time="0.0">
    <ignored/>
  </testcase> <!-- @AfterSuite configAS -->
  <testcase classname="com.vtiger.comcast.contactTest.CreateContactTest" name="createcontactTestWithOrgTest" time="0.0">
    <ignored/>
  </testcase> <!-- createcontactTestWithOrgTest -->
  <testcase classname="com.vtiger.comcast.genericUtility.BaseClass" name="@BeforeSuite configBS" time="0.0">
    <ignored/>
  </testcase> <!-- @BeforeSuite configBS -->
</testsuite> <!-- Test -->
