<?xml version="1.0" encoding="UTF-8"?>
<testng-results ignored="1" total="2" passed="0" failed="0" skipped="1">
  <reporter-output>
  </reporter-output>
  <suite started-at="2022-05-05T16:10:13 IST" name="Default suite" finished-at="2022-05-05T16:10:17 IST" duration-ms="4348">
    <groups>
      <group name="Regression Test">
        <method signature="CreateOrgnTest.createOrgnWithIndustriesTest()[pri:0, instance:com.vtiger.comcast.organizationtest.CreateOrgnTest@a38c7fe]" name="createOrgnWithIndustriesTest" class="com.vtiger.comcast.organizationtest.CreateOrgnTest"/>
      </group> <!-- Regression Test -->
    </groups>
    <test started-at="2022-05-05T16:10:13 IST" name="Default test" finished-at="2022-05-05T16:10:17 IST" duration-ms="4348">
      <class name="com.vtiger.comcast.organizationtest.CreateOrgnTest">
        <test-method is-config="true" signature="configBS()[pri:0, instance:com.vtiger.comcast.organizationtest.CreateOrgnTest@a38c7fe]" started-at="2022-05-05T16:10:13 IST" name="configBS" finished-at="2022-05-05T16:10:13 IST" duration-ms="14" status="PASS">
          <reporter-output>
          </reporter-output>
        </test-method> <!-- configBS -->
        <test-method is-config="true" signature="configBC()[pri:0, instance:com.vtiger.comcast.organizationtest.CreateOrgnTest@a38c7fe]" started-at="2022-05-05T16:10:13 IST" name="configBC" finished-at="2022-05-05T16:10:17 IST" duration-ms="4260" status="FAIL">
          <exception class="org.openqa.selenium.SessionNotCreatedException">
            <message>
              <![CDATA[session not created: This version of ChromeDriver only supports Chrome version 99
Current browser version is 101.0.4951.54 with binary path C:\Program Files\Google\Chrome\Application\chrome.exe
Build info: version: '3.141.59', revision: 'e82be7d358', time: '2018-11-14T08:17:03'
System info: host: 'LAPTOP-0QJFP7EQ', ip: '172.20.10.3', os.name: 'Windows 10', os.arch: 'amd64', os.version: '10.0', java.version: '17.0.2'
Driver info: driver.version: ChromeDriver
remote stacktrace: Backtrace:
Ordinal0 [0x00A19943+2595139]
Ordinal0 [0x009AC9F1+2148849]
Ordinal0 [0x008A4528+1066280]
Ordinal0 [0x008C42C3+1196739]
Ordinal0 [0x008BFE37+1179191]
Ordinal0 [0x008BD6F1+1169137]
Ordinal0 [0x008F0530+1377584]
Ordinal0 [0x008F018A+1376650]
Ordinal0 [0x008EB806+1357830]
Ordinal0 [0x008C6086+1204358]
Ordinal0 [0x008C6F96+1208214]
GetHandleVerifier [0x00BBB232+1658114]
GetHandleVerifier [0x00C7312C+2411516]
GetHandleVerifier [0x00AAF261+560433]
GetHandleVerifier [0x00AAE366+556598]
Ordinal0 [0x009B286B+2173035]
Ordinal0 [0x009B75F8+2192888]
Ordinal0 [0x009B76E5+2193125]
Ordinal0 [0x009C11FC+2232828]
BaseThreadInitThunk [0x775EFA29+25]
RtlGetAppContainerNamedObjectPath [0x77757A7E+286]
RtlGetAppContainerNamedObjectPath [0x77757A4E+238]
]]>
            </message>
            <full-stacktrace>
              <![CDATA[org.openqa.selenium.SessionNotCreatedException: session not created: This version of ChromeDriver only supports Chrome version 99
Current browser version is 101.0.4951.54 with binary path C:\Program Files\Google\Chrome\Application\chrome.exe
Build info: version: '3.141.59', revision: 'e82be7d358', time: '2018-11-14T08:17:03'
System info: host: 'LAPTOP-0QJFP7EQ', ip: '172.20.10.3', os.name: 'Windows 10', os.arch: 'amd64', os.version: '10.0', java.version: '17.0.2'
Driver info: driver.version: ChromeDriver
remote stacktrace: Backtrace:
Ordinal0 [0x00A19943+2595139]
Ordinal0 [0x009AC9F1+2148849]
Ordinal0 [0x008A4528+1066280]
Ordinal0 [0x008C42C3+1196739]
Ordinal0 [0x008BFE37+1179191]
Ordinal0 [0x008BD6F1+1169137]
Ordinal0 [0x008F0530+1377584]
Ordinal0 [0x008F018A+1376650]
Ordinal0 [0x008EB806+1357830]
Ordinal0 [0x008C6086+1204358]
Ordinal0 [0x008C6F96+1208214]
GetHandleVerifier [0x00BBB232+1658114]
GetHandleVerifier [0x00C7312C+2411516]
GetHandleVerifier [0x00AAF261+560433]
GetHandleVerifier [0x00AAE366+556598]
Ordinal0 [0x009B286B+2173035]
Ordinal0 [0x009B75F8+2192888]
Ordinal0 [0x009B76E5+2193125]
Ordinal0 [0x009C11FC+2232828]
BaseThreadInitThunk [0x775EFA29+25]
RtlGetAppContainerNamedObjectPath [0x77757A7E+286]
RtlGetAppContainerNamedObjectPath [0x77757A4E+238]

at java.base/jdk.internal.reflect.NativeConstructorAccessorImpl.newInstance0(Native Method)
at java.base/jdk.internal.reflect.NativeConstructorAccessorImpl.newInstance(NativeConstructorAccessorImpl.java:77)
at java.base/jdk.internal.reflect.DelegatingConstructorAccessorImpl.newInstance(DelegatingConstructorAccessorImpl.java:45)
at java.base/java.lang.reflect.Constructor.newInstanceWithCaller(Constructor.java:499)
at java.base/java.lang.reflect.Constructor.newInstance(Constructor.java:480)
at org.openqa.selenium.remote.W3CHandshakeResponse.lambda$errorHandler$0(W3CHandshakeResponse.java:62)
at org.openqa.selenium.remote.HandshakeResponse.lambda$getResponseFunction$0(HandshakeResponse.java:30)
at org.openqa.selenium.remote.ProtocolHandshake.lambda$createSession$0(ProtocolHandshake.java:126)
at java.base/java.util.stream.ReferencePipeline$3$1.accept(ReferencePipeline.java:197)
at java.base/java.util.Spliterators$ArraySpliterator.tryAdvance(Spliterators.java:1002)
at java.base/java.util.stream.ReferencePipeline.forEachWithCancel(ReferencePipeline.java:129)
at java.base/java.util.stream.AbstractPipeline.copyIntoWithCancel(AbstractPipeline.java:527)
at java.base/java.util.stream.AbstractPipeline.copyInto(AbstractPipeline.java:513)
at java.base/java.util.stream.AbstractPipeline.wrapAndCopyInto(AbstractPipeline.java:499)
at java.base/java.util.stream.FindOps$FindOp.evaluateSequential(FindOps.java:150)
at java.base/java.util.stream.AbstractPipeline.evaluate(AbstractPipeline.java:234)
at java.base/java.util.stream.ReferencePipeline.findFirst(ReferencePipeline.java:647)
at org.openqa.selenium.remote.ProtocolHandshake.createSession(ProtocolHandshake.java:128)
at org.openqa.selenium.remote.ProtocolHandshake.createSession(ProtocolHandshake.java:74)
at org.openqa.selenium.remote.HttpCommandExecutor.execute(HttpCommandExecutor.java:136)
at org.openqa.selenium.remote.service.DriverCommandExecutor.execute(DriverCommandExecutor.java:83)
at org.openqa.selenium.remote.RemoteWebDriver.execute(RemoteWebDriver.java:552)
at org.openqa.selenium.remote.RemoteWebDriver.startSession(RemoteWebDriver.java:213)
at org.openqa.selenium.remote.RemoteWebDriver.<init>(RemoteWebDriver.java:131)
at org.openqa.selenium.chrome.ChromeDriver.<init>(ChromeDriver.java:181)
at org.openqa.selenium.chrome.ChromeDriver.<init>(ChromeDriver.java:168)
at org.openqa.selenium.chrome.ChromeDriver.<init>(ChromeDriver.java:123)
at com.vtiger.comcast.genericUtility.BaseClass.configBC(BaseClass.java:54)
at java.base/jdk.internal.reflect.NativeMethodAccessorImpl.invoke0(Native Method)
at java.base/jdk.internal.reflect.NativeMethodAccessorImpl.invoke(NativeMethodAccessorImpl.java:77)
at java.base/jdk.internal.reflect.DelegatingMethodAccessorImpl.invoke(DelegatingMethodAccessorImpl.java:43)
at java.base/java.lang.reflect.Method.invoke(Method.java:568)
at org.testng.internal.MethodInvocationHelper.invokeMethod(MethodInvocationHelper.java:133)
at org.testng.internal.MethodInvocationHelper.invokeMethodConsideringTimeout(MethodInvocationHelper.java:62)
at org.testng.internal.ConfigInvoker.invokeConfigurationMethod(ConfigInvoker.java:385)
at org.testng.internal.ConfigInvoker.invokeConfigurations(ConfigInvoker.java:321)
at org.testng.internal.TestMethodWorker.invokeBeforeClassMethods(TestMethodWorker.java:176)
at org.testng.internal.TestMethodWorker.run(TestMethodWorker.java:122)
at java.base/java.util.ArrayList.forEach(ArrayList.java:1511)
at org.testng.TestRunner.privateRun(TestRunner.java:794)
at org.testng.TestRunner.run(TestRunner.java:596)
at org.testng.SuiteRunner.runTest(SuiteRunner.java:377)
at org.testng.SuiteRunner.runSequentially(SuiteRunner.java:371)
at org.testng.SuiteRunner.privateRun(SuiteRunner.java:332)
at org.testng.SuiteRunner.run(SuiteRunner.java:276)
at org.testng.SuiteRunnerWorker.runSuite(SuiteRunnerWorker.java:53)
at org.testng.SuiteRunnerWorker.run(SuiteRunnerWorker.java:96)
at org.testng.TestNG.runSuitesSequentially(TestNG.java:1212)
at org.testng.TestNG.runSuitesLocally(TestNG.java:1134)
at org.testng.TestNG.runSuites(TestNG.java:1063)
at org.testng.TestNG.run(TestNG.java:1031)
at org.testng.remote.AbstractRemoteTestNG.run(AbstractRemoteTestNG.java:115)
at org.testng.remote.RemoteTestNG.initAndRun(RemoteTestNG.java:251)
at org.testng.remote.RemoteTestNG.main(RemoteTestNG.java:77)
]]>
            </full-stacktrace>
          </exception> <!-- org.openqa.selenium.SessionNotCreatedException -->
          <reporter-output>
          </reporter-output>
        </test-method> <!-- configBC -->
        <test-method is-config="true" signature="configBM()[pri:0, instance:com.vtiger.comcast.organizationtest.CreateOrgnTest@a38c7fe]" started-at="2022-05-05T16:10:17 IST" name="configBM" finished-at="1970-01-01T05:30:00 IST" duration-ms="-1651747217530" status="SKIP">
          <reporter-output>
          </reporter-output>
        </test-method> <!-- configBM -->
        <test-method signature="createOrgnWithIndustriesTest()[pri:0, instance:com.vtiger.comcast.organizationtest.CreateOrgnTest@a38c7fe]" started-at="2022-05-05T16:10:17 IST" name="createOrgnWithIndustriesTest" finished-at="2022-05-05T16:10:17 IST" duration-ms="0" status="SKIP">
          <exception class="org.openqa.selenium.SessionNotCreatedException">
            <message>
              <![CDATA[session not created: This version of ChromeDriver only supports Chrome version 99
Current browser version is 101.0.4951.54 with binary path C:\Program Files\Google\Chrome\Application\chrome.exe
Build info: version: '3.141.59', revision: 'e82be7d358', time: '2018-11-14T08:17:03'
System info: host: 'LAPTOP-0QJFP7EQ', ip: '172.20.10.3', os.name: 'Windows 10', os.arch: 'amd64', os.version: '10.0', java.version: '17.0.2'
Driver info: driver.version: ChromeDriver
remote stacktrace: Backtrace:
Ordinal0 [0x00A19943+2595139]
Ordinal0 [0x009AC9F1+2148849]
Ordinal0 [0x008A4528+1066280]
Ordinal0 [0x008C42C3+1196739]
Ordinal0 [0x008BFE37+1179191]
Ordinal0 [0x008BD6F1+1169137]
Ordinal0 [0x008F0530+1377584]
Ordinal0 [0x008F018A+1376650]
Ordinal0 [0x008EB806+1357830]
Ordinal0 [0x008C6086+1204358]
Ordinal0 [0x008C6F96+1208214]
GetHandleVerifier [0x00BBB232+1658114]
GetHandleVerifier [0x00C7312C+2411516]
GetHandleVerifier [0x00AAF261+560433]
GetHandleVerifier [0x00AAE366+556598]
Ordinal0 [0x009B286B+2173035]
Ordinal0 [0x009B75F8+2192888]
Ordinal0 [0x009B76E5+2193125]
Ordinal0 [0x009C11FC+2232828]
BaseThreadInitThunk [0x775EFA29+25]
RtlGetAppContainerNamedObjectPath [0x77757A7E+286]
RtlGetAppContainerNamedObjectPath [0x77757A4E+238]
]]>
            </message>
            <full-stacktrace>
              <![CDATA[org.openqa.selenium.SessionNotCreatedException: session not created: This version of ChromeDriver only supports Chrome version 99
Current browser version is 101.0.4951.54 with binary path C:\Program Files\Google\Chrome\Application\chrome.exe
Build info: version: '3.141.59', revision: 'e82be7d358', time: '2018-11-14T08:17:03'
System info: host: 'LAPTOP-0QJFP7EQ', ip: '172.20.10.3', os.name: 'Windows 10', os.arch: 'amd64', os.version: '10.0', java.version: '17.0.2'
Driver info: driver.version: ChromeDriver
remote stacktrace: Backtrace:
Ordinal0 [0x00A19943+2595139]
Ordinal0 [0x009AC9F1+2148849]
Ordinal0 [0x008A4528+1066280]
Ordinal0 [0x008C42C3+1196739]
Ordinal0 [0x008BFE37+1179191]
Ordinal0 [0x008BD6F1+1169137]
Ordinal0 [0x008F0530+1377584]
Ordinal0 [0x008F018A+1376650]
Ordinal0 [0x008EB806+1357830]
Ordinal0 [0x008C6086+1204358]
Ordinal0 [0x008C6F96+1208214]
GetHandleVerifier [0x00BBB232+1658114]
GetHandleVerifier [0x00C7312C+2411516]
GetHandleVerifier [0x00AAF261+560433]
GetHandleVerifier [0x00AAE366+556598]
Ordinal0 [0x009B286B+2173035]
Ordinal0 [0x009B75F8+2192888]
Ordinal0 [0x009B76E5+2193125]
Ordinal0 [0x009C11FC+2232828]
BaseThreadInitThunk [0x775EFA29+25]
RtlGetAppContainerNamedObjectPath [0x77757A7E+286]
RtlGetAppContainerNamedObjectPath [0x77757A4E+238]

at java.base/jdk.internal.reflect.NativeConstructorAccessorImpl.newInstance0(Native Method)
at java.base/jdk.internal.reflect.NativeConstructorAccessorImpl.newInstance(NativeConstructorAccessorImpl.java:77)
at java.base/jdk.internal.reflect.DelegatingConstructorAccessorImpl.newInstance(DelegatingConstructorAccessorImpl.java:45)
at java.base/java.lang.reflect.Constructor.newInstanceWithCaller(Constructor.java:499)
at java.base/java.lang.reflect.Constructor.newInstance(Constructor.java:480)
at org.openqa.selenium.remote.W3CHandshakeResponse.lambda$errorHandler$0(W3CHandshakeResponse.java:62)
at org.openqa.selenium.remote.HandshakeResponse.lambda$getResponseFunction$0(HandshakeResponse.java:30)
at org.openqa.selenium.remote.ProtocolHandshake.lambda$createSession$0(ProtocolHandshake.java:126)
at java.base/java.util.stream.ReferencePipeline$3$1.accept(ReferencePipeline.java:197)
at java.base/java.util.Spliterators$ArraySpliterator.tryAdvance(Spliterators.java:1002)
at java.base/java.util.stream.ReferencePipeline.forEachWithCancel(ReferencePipeline.java:129)
at java.base/java.util.stream.AbstractPipeline.copyIntoWithCancel(AbstractPipeline.java:527)
at java.base/java.util.stream.AbstractPipeline.copyInto(AbstractPipeline.java:513)
at java.base/java.util.stream.AbstractPipeline.wrapAndCopyInto(AbstractPipeline.java:499)
at java.base/java.util.stream.FindOps$FindOp.evaluateSequential(FindOps.java:150)
at java.base/java.util.stream.AbstractPipeline.evaluate(AbstractPipeline.java:234)
at java.base/java.util.stream.ReferencePipeline.findFirst(ReferencePipeline.java:647)
at org.openqa.selenium.remote.ProtocolHandshake.createSession(ProtocolHandshake.java:128)
at org.openqa.selenium.remote.ProtocolHandshake.createSession(ProtocolHandshake.java:74)
at org.openqa.selenium.remote.HttpCommandExecutor.execute(HttpCommandExecutor.java:136)
at org.openqa.selenium.remote.service.DriverCommandExecutor.execute(DriverCommandExecutor.java:83)
at org.openqa.selenium.remote.RemoteWebDriver.execute(RemoteWebDriver.java:552)
at org.openqa.selenium.remote.RemoteWebDriver.startSession(RemoteWebDriver.java:213)
at org.openqa.selenium.remote.RemoteWebDriver.<init>(RemoteWebDriver.java:131)
at org.openqa.selenium.chrome.ChromeDriver.<init>(ChromeDriver.java:181)
at org.openqa.selenium.chrome.ChromeDriver.<init>(ChromeDriver.java:168)
at org.openqa.selenium.chrome.ChromeDriver.<init>(ChromeDriver.java:123)
at com.vtiger.comcast.genericUtility.BaseClass.configBC(BaseClass.java:54)
at java.base/jdk.internal.reflect.NativeMethodAccessorImpl.invoke0(Native Method)
at java.base/jdk.internal.reflect.NativeMethodAccessorImpl.invoke(NativeMethodAccessorImpl.java:77)
at java.base/jdk.internal.reflect.DelegatingMethodAccessorImpl.invoke(DelegatingMethodAccessorImpl.java:43)
at java.base/java.lang.reflect.Method.invoke(Method.java:568)
at org.testng.internal.MethodInvocationHelper.invokeMethod(MethodInvocationHelper.java:133)
at org.testng.internal.MethodInvocationHelper.invokeMethodConsideringTimeout(MethodInvocationHelper.java:62)
at org.testng.internal.ConfigInvoker.invokeConfigurationMethod(ConfigInvoker.java:385)
at org.testng.internal.ConfigInvoker.invokeConfigurations(ConfigInvoker.java:321)
at org.testng.internal.TestMethodWorker.invokeBeforeClassMethods(TestMethodWorker.java:176)
at org.testng.internal.TestMethodWorker.run(TestMethodWorker.java:122)
at java.base/java.util.ArrayList.forEach(ArrayList.java:1511)
at org.testng.TestRunner.privateRun(TestRunner.java:794)
at org.testng.TestRunner.run(TestRunner.java:596)
at org.testng.SuiteRunner.runTest(SuiteRunner.java:377)
at org.testng.SuiteRunner.runSequentially(SuiteRunner.java:371)
at org.testng.SuiteRunner.privateRun(SuiteRunner.java:332)
at org.testng.SuiteRunner.run(SuiteRunner.java:276)
at org.testng.SuiteRunnerWorker.runSuite(SuiteRunnerWorker.java:53)
at org.testng.SuiteRunnerWorker.run(SuiteRunnerWorker.java:96)
at org.testng.TestNG.runSuitesSequentially(TestNG.java:1212)
at org.testng.TestNG.runSuitesLocally(TestNG.java:1134)
at org.testng.TestNG.runSuites(TestNG.java:1063)
at org.testng.TestNG.run(TestNG.java:1031)
at org.testng.remote.AbstractRemoteTestNG.run(AbstractRemoteTestNG.java:115)
at org.testng.remote.RemoteTestNG.initAndRun(RemoteTestNG.java:251)
at org.testng.remote.RemoteTestNG.main(RemoteTestNG.java:77)
]]>
            </full-stacktrace>
          </exception> <!-- org.openqa.selenium.SessionNotCreatedException -->
          <reporter-output>
          </reporter-output>
        </test-method> <!-- createOrgnWithIndustriesTest -->
        <test-method is-config="true" signature="configAM()[pri:0, instance:com.vtiger.comcast.organizationtest.CreateOrgnTest@a38c7fe]" started-at="2022-05-05T16:10:17 IST" name="configAM" finished-at="1970-01-01T05:30:00 IST" duration-ms="-1651747217544" status="SKIP">
          <reporter-output>
          </reporter-output>
        </test-method> <!-- configAM -->
        <test-method is-config="true" signature="configAC()[pri:0, instance:com.vtiger.comcast.organizationtest.CreateOrgnTest@a38c7fe]" started-at="2022-05-05T16:10:17 IST" name="configAC" finished-at="1970-01-01T05:30:00 IST" duration-ms="-1651747217548" status="SKIP">
          <reporter-output>
          </reporter-output>
        </test-method> <!-- configAC -->
        <test-method is-config="true" signature="configAS()[pri:0, instance:com.vtiger.comcast.organizationtest.CreateOrgnTest@a38c7fe]" started-at="2022-05-05T16:10:17 IST" name="configAS" finished-at="2022-05-05T16:10:17 IST" duration-ms="0" status="PASS">
          <reporter-output>
          </reporter-output>
        </test-method> <!-- configAS -->
      </class> <!-- com.vtiger.comcast.organizationtest.CreateOrgnTest -->
    </test> <!-- Default test -->
  </suite> <!-- Default suite -->
</testng-results>
